<?xml version="1.0" encoding="UTF-8"?>
<testsuite name="VisaConfirmation"
           tests="3"
           failures="0"
           errors="0"
           skipped="0"
           time="4.520">
  <properties />
  
  
            <testcase name="anAustralianCominToUKForTourism" time="1.300" classname="gov.uk.check.visa.testsuite.VisaConfirmationTest" />
                <testcase name="aChileanComingToTheUKForWorkAndPlansOnStayingForLongerThanSixMonths" time="2.216" classname="gov.uk.check.visa.testsuite.VisaConfirmationTest" />
                <testcase name="aColumbianNationalComingToTheUKToJoinAPartnerForALongStayTheyDoHaveAnArticle10Or20Card" time="1.004" classname="gov.uk.check.visa.testsuite.VisaConfirmationTest" />
      
</testsuite>
